<?xml version="1.0" encoding="UTF-8"?>
<testng-results ignored="0" total="1" passed="1" failed="0" skipped="0">
  <reporter-output>
  </reporter-output>
  <suite started-at="2021-04-17T17:51:10 EDT" name="Default suite" finished-at="2021-04-17T17:51:23 EDT" duration-ms="12966">
    <groups>
    </groups>
    <test started-at="2021-04-17T17:51:10 EDT" name="Default test" finished-at="2021-04-17T17:51:23 EDT" duration-ms="12966">
      <class name="test.AddCustomerTest">
        <test-method signature="validateAddingCustomer()[pri:0, instance:test.AddCustomerTest@568ff82]" started-at="2021-04-17T17:51:10 EDT" name="validateAddingCustomer" finished-at="2021-04-17T17:51:23 EDT" duration-ms="12930" status="PASS">
          <reporter-output>
          </reporter-output>
        </test-method> <!-- validateAddingCustomer -->
      </class> <!-- test.AddCustomerTest -->
    </test> <!-- Default test -->
  </suite> <!-- Default suite -->
</testng-results>
